<!DOCTYPE html PUBLIC "-//W3C//DTD XHTML 1.1//EN" "http://www.w3.org/TR/xhtml11/DTD/xhtml11.dtd">
<html xmlns="http://www.w3.org/1999/xhtml">
<head>
<meta http-equiv="content-type" content="text/html; charset=UTF-8"/>
<title>TestNG Report</title>
<style type="text/css">table {margin-bottom:10px;border-collapse:collapse;empty-cells:show}th,td {border:1px solid #009;padding:.25em .5em}th {vertical-align:bottom}td {vertical-align:top}table a {font-weight:bold}.stripe td {background-color: #E6EBF9}.num {text-align:right}.passedodd td {background-color: #3F3}.passedeven td {background-color: #0A0}.skippedodd td {background-color: #DDD}.skippedeven td {background-color: #CCC}.failedodd td,.attn {background-color: #F33}.failedeven td,.stripe .attn {background-color: #D00}.stacktrace {white-space:pre;font-family:monospace}.totop {font-size:85%;text-align:center;border-bottom:2px solid #000}.invisible {display:none}</style>
</head>
<body>
<table>
<tr><th>Test</th><th># Passed</th><th># Skipped</th><th># Retried</th><th># Failed</th><th>Time (ms)</th><th>Included Groups</th><th>Excluded Groups</th></tr>
<tr><th colspan="8">Suite</th></tr>
<tr><td><a href="#t0">Test_All</a></td><td class="num">0</td><td class="num attn">10</td><td class="num">0</td><td class="num">0</td><td class="num">782</td><td></td><td></td></tr>
</table>
<table id='summary'><thead><tr><th>Class</th><th>Method</th><th>Start</th><th>Time (ms)</th></tr></thead><tbody><tr><th colspan="4">Suite</th></tr></tbody><tbody id="t0"><tr><th colspan="4">Test_All &#8212; failed (configuration methods)</th></tr><tr class="failedeven"><td rowspan="1">com.testcase.LoginPageTest</td><td><a href="#m0">setup</a></td><td rowspan="1">1640589562320</td><td rowspan="1">-1640589562320</td></tr><tr><th colspan="4">Test_All &#8212; skipped (configuration methods)</th></tr><tr class="skippedeven"><td rowspan="2">com.testcase.AccountCreationTest</td><td><a href="#m1">setup</a></td><td rowspan="1">1640589563007</td><td rowspan="1">-1640589563007</td></tr><tr class="skippedeven"><td><a href="#m2">tearDown</a></td><td rowspan="1">1640589563012</td><td rowspan="1">-1640589563012</td></tr><tr class="skippedodd"><td rowspan="2">com.testcase.AddToCartPageTest</td><td><a href="#m3">setup</a></td><td rowspan="1">1640589563015</td><td rowspan="1">-1640589563015</td></tr><tr class="skippedodd"><td><a href="#m4">tearDown</a></td><td rowspan="1">1640589563019</td><td rowspan="1">-1640589563019</td></tr><tr class="skippedeven"><td rowspan="2">com.testcase.EndToEndTest</td><td><a href="#m5">setup</a></td><td rowspan="1">1640589563058</td><td rowspan="1">-1640589563058</td></tr><tr class="skippedeven"><td><a href="#m6">tearDown</a></td><td rowspan="1">1640589563092</td><td rowspan="1">-1640589563092</td></tr><tr class="skippedodd"><td rowspan="4">com.testcase.HomePageTest</td><td><a href="#m7">setup</a></td><td rowspan="2">1640589563029</td><td rowspan="2">-1640589563029</td></tr><tr class="skippedodd"><td><a href="#m8">setup</a></td></tr><tr class="skippedodd"><td><a href="#m9">tearDown</a></td><td rowspan="2">1640589563027</td><td rowspan="2">-1640589563027</td></tr><tr class="skippedodd"><td><a href="#m10">tearDown</a></td></tr><tr class="skippedeven"><td rowspan="4">com.testcase.IndexPageTest</td><td><a href="#m11">setup</a></td><td rowspan="2">1640589563053</td><td rowspan="2">-1640589563053</td></tr><tr class="skippedeven"><td><a href="#m12">setup</a></td></tr><tr class="skippedeven"><td><a href="#m13">tearDown</a></td><td rowspan="2">1640589563052</td><td rowspan="2">-1640589563052</td></tr><tr class="skippedeven"><td><a href="#m14">tearDown</a></td></tr><tr class="skippedodd"><td rowspan="2">com.testcase.LoginPageTest</td><td><a href="#m15">afterSuite</a></td><td rowspan="1">1640589563203</td><td rowspan="1">-1640589563203</td></tr><tr class="skippedodd"><td><a href="#m16">tearDown</a></td><td rowspan="1">1640589563096</td><td rowspan="1">-1640589563096</td></tr><tr class="skippedeven"><td rowspan="2">com.testcase.OrderPageTest</td><td><a href="#m17">setup</a></td><td rowspan="1">1640589563040</td><td rowspan="1">-1640589563040</td></tr><tr class="skippedeven"><td><a href="#m18">tearDown</a></td><td rowspan="1">1640589563044</td><td rowspan="1">-1640589563044</td></tr><tr class="skippedodd"><td rowspan="2">com.testcase.SearchResultPageTest</td><td><a href="#m19">setup</a></td><td rowspan="1">1640589563035</td><td rowspan="1">-1640589563035</td></tr><tr class="skippedodd"><td><a href="#m20">tearDown</a></td><td rowspan="1">1640589563038</td><td rowspan="1">-1640589563038</td></tr><tr><th colspan="4">Test_All &#8212; skipped</th></tr><tr class="skippedeven"><td rowspan="1">com.testcase.AccountCreationTest</td><td><a href="#m21">createAccountPageTest</a></td><td rowspan="1">1640589563008</td><td rowspan="1">0</td></tr><tr class="skippedodd"><td rowspan="1">com.testcase.AddToCartPageTest</td><td><a href="#m22">AddToCartTest</a></td><td rowspan="1">1640589563016</td><td rowspan="1">0</td></tr><tr class="skippedeven"><td rowspan="1">com.testcase.EndToEndTest</td><td><a href="#m23">endToEndTest</a></td><td rowspan="1">1640589563059</td><td rowspan="1">0</td></tr><tr class="skippedodd"><td rowspan="2">com.testcase.HomePageTest</td><td><a href="#m24">orderHistoryandDetailsTest</a></td><td rowspan="1">1640589563022</td><td rowspan="1">0</td></tr><tr class="skippedodd"><td><a href="#m25">wishListTest</a></td><td rowspan="1">1640589563031</td><td rowspan="1">0</td></tr><tr class="skippedeven"><td rowspan="2">com.testcase.IndexPageTest</td><td><a href="#m26">verifyLogo</a></td><td rowspan="1">1640589563048</td><td rowspan="1">0</td></tr><tr class="skippedeven"><td><a href="#m27">verifyTitle</a></td><td rowspan="1">1640589563054</td><td rowspan="1">0</td></tr><tr class="skippedodd"><td rowspan="1">com.testcase.LoginPageTest</td><td><a href="#m28">loginTest</a></td><td rowspan="1">1640589562987</td><td rowspan="1">0</td></tr><tr class="skippedeven"><td rowspan="1">com.testcase.OrderPageTest</td><td><a href="#m29">verifyTotalPrice</a></td><td rowspan="1">1640589563041</td><td rowspan="1">0</td></tr><tr class="skippedodd"><td rowspan="1">com.testcase.SearchResultPageTest</td><td><a href="#m30">productAvailabilityTest</a></td><td rowspan="1">1640589563036</td><td rowspan="1">0</td></tr></tbody>
</table>
<h2>Test_All</h2><h3 id="m0">com.testcase.LoginPageTest#setup</h3><table class="result"><tr><th>Exception</th></tr><tr><td><div class="stacktrace">org.testng.TestNGException: 
Parameter &apos;browser&apos; is required by BeforeTest on method setup but has not been marked @Optional or defined
in C:\Users\66279\eclipse-workspace\MyStoreProject\testng_all.xml
... Removed 21 stack frames</div></td></tr></table><p class="totop"><a href="#summary">back to summary</a></p>
<h3 id="m1">com.testcase.AccountCreationTest#setup</h3><table class="result"><tr><th class="invisible"/></tr></table><p class="totop"><a href="#summary">back to summary</a></p>
<h3 id="m2">com.testcase.AccountCreationTest#tearDown</h3><table class="result"><tr><th class="invisible"/></tr></table><p class="totop"><a href="#summary">back to summary</a></p>
<h3 id="m3">com.testcase.AddToCartPageTest#setup</h3><table class="result"><tr><th class="invisible"/></tr></table><p class="totop"><a href="#summary">back to summary</a></p>
<h3 id="m4">com.testcase.AddToCartPageTest#tearDown</h3><table class="result"><tr><th class="invisible"/></tr></table><p class="totop"><a href="#summary">back to summary</a></p>
<h3 id="m5">com.testcase.EndToEndTest#setup</h3><table class="result"><tr><th class="invisible"/></tr></table><p class="totop"><a href="#summary">back to summary</a></p>
<h3 id="m6">com.testcase.EndToEndTest#tearDown</h3><table class="result"><tr><th class="invisible"/></tr></table><p class="totop"><a href="#summary">back to summary</a></p>
<h3 id="m7">com.testcase.HomePageTest#setup</h3><table class="result"><tr><th class="invisible"/></tr></table><p class="totop"><a href="#summary">back to summary</a></p>
<h3 id="m8">com.testcase.HomePageTest#setup</h3><table class="result"><tr><th class="invisible"/></tr></table><p class="totop"><a href="#summary">back to summary</a></p>
<h3 id="m9">com.testcase.HomePageTest#tearDown</h3><table class="result"><tr><th class="invisible"/></tr></table><p class="totop"><a href="#summary">back to summary</a></p>
<h3 id="m10">com.testcase.HomePageTest#tearDown</h3><table class="result"><tr><th class="invisible"/></tr></table><p class="totop"><a href="#summary">back to summary</a></p>
<h3 id="m11">com.testcase.IndexPageTest#setup</h3><table class="result"><tr><th class="invisible"/></tr></table><p class="totop"><a href="#summary">back to summary</a></p>
<h3 id="m12">com.testcase.IndexPageTest#setup</h3><table class="result"><tr><th class="invisible"/></tr></table><p class="totop"><a href="#summary">back to summary</a></p>
<h3 id="m13">com.testcase.IndexPageTest#tearDown</h3><table class="result"><tr><th class="invisible"/></tr></table><p class="totop"><a href="#summary">back to summary</a></p>
<h3 id="m14">com.testcase.IndexPageTest#tearDown</h3><table class="result"><tr><th class="invisible"/></tr></table><p class="totop"><a href="#summary">back to summary</a></p>
<h3 id="m15">com.testcase.LoginPageTest#afterSuite</h3><table class="result"><tr><th class="invisible"/></tr></table><p class="totop"><a href="#summary">back to summary</a></p>
<h3 id="m16">com.testcase.LoginPageTest#tearDown</h3><table class="result"><tr><th class="invisible"/></tr></table><p class="totop"><a href="#summary">back to summary</a></p>
<h3 id="m17">com.testcase.OrderPageTest#setup</h3><table class="result"><tr><th class="invisible"/></tr></table><p class="totop"><a href="#summary">back to summary</a></p>
<h3 id="m18">com.testcase.OrderPageTest#tearDown</h3><table class="result"><tr><th class="invisible"/></tr></table><p class="totop"><a href="#summary">back to summary</a></p>
<h3 id="m19">com.testcase.SearchResultPageTest#setup</h3><table class="result"><tr><th class="invisible"/></tr></table><p class="totop"><a href="#summary">back to summary</a></p>
<h3 id="m20">com.testcase.SearchResultPageTest#tearDown</h3><table class="result"><tr><th class="invisible"/></tr></table><p class="totop"><a href="#summary">back to summary</a></p>
<h3 id="m21">com.testcase.AccountCreationTest#createAccountPageTest</h3><table class="result"><tr><th>Exception</th></tr><tr><td><div class="stacktrace">org.testng.TestNGException: 
Parameter &apos;browser&apos; is required by BeforeTest on method setup but has not been marked @Optional or defined
in C:\Users\66279\eclipse-workspace\MyStoreProject\testng_all.xml
... Removed 21 stack frames</div></td></tr></table><p class="totop"><a href="#summary">back to summary</a></p>
<h3 id="m22">com.testcase.AddToCartPageTest#AddToCartTest</h3><table class="result"><tr><th>Exception</th></tr><tr><td><div class="stacktrace">org.testng.TestNGException: 
Parameter &apos;browser&apos; is required by BeforeTest on method setup but has not been marked @Optional or defined
in C:\Users\66279\eclipse-workspace\MyStoreProject\testng_all.xml
... Removed 21 stack frames</div></td></tr></table><p class="totop"><a href="#summary">back to summary</a></p>
<h3 id="m23">com.testcase.EndToEndTest#endToEndTest</h3><table class="result"><tr><th>Exception</th></tr><tr><td><div class="stacktrace">org.testng.TestNGException: 
Parameter &apos;browser&apos; is required by BeforeTest on method setup but has not been marked @Optional or defined
in C:\Users\66279\eclipse-workspace\MyStoreProject\testng_all.xml
... Removed 21 stack frames</div></td></tr></table><p class="totop"><a href="#summary">back to summary</a></p>
<h3 id="m24">com.testcase.HomePageTest#orderHistoryandDetailsTest</h3><table class="result"><tr><th>Exception</th></tr><tr><td><div class="stacktrace">org.testng.TestNGException: 
Parameter &apos;browser&apos; is required by BeforeTest on method setup but has not been marked @Optional or defined
in C:\Users\66279\eclipse-workspace\MyStoreProject\testng_all.xml
... Removed 21 stack frames</div></td></tr></table><p class="totop"><a href="#summary">back to summary</a></p>
<h3 id="m25">com.testcase.HomePageTest#wishListTest</h3><table class="result"><tr><th>Exception</th></tr><tr><td><div class="stacktrace">org.testng.TestNGException: 
Parameter &apos;browser&apos; is required by BeforeTest on method setup but has not been marked @Optional or defined
in C:\Users\66279\eclipse-workspace\MyStoreProject\testng_all.xml
... Removed 21 stack frames</div></td></tr></table><p class="totop"><a href="#summary">back to summary</a></p>
<h3 id="m26">com.testcase.IndexPageTest#verifyLogo</h3><table class="result"><tr><th>Exception</th></tr><tr><td><div class="stacktrace">org.testng.TestNGException: 
Parameter &apos;browser&apos; is required by BeforeTest on method setup but has not been marked @Optional or defined
in C:\Users\66279\eclipse-workspace\MyStoreProject\testng_all.xml
... Removed 21 stack frames</div></td></tr></table><p class="totop"><a href="#summary">back to summary</a></p>
<h3 id="m27">com.testcase.IndexPageTest#verifyTitle</h3><table class="result"><tr><th>Exception</th></tr><tr><td><div class="stacktrace">org.testng.TestNGException: 
Parameter &apos;browser&apos; is required by BeforeTest on method setup but has not been marked @Optional or defined
in C:\Users\66279\eclipse-workspace\MyStoreProject\testng_all.xml
... Removed 21 stack frames</div></td></tr></table><p class="totop"><a href="#summary">back to summary</a></p>
<h3 id="m28">com.testcase.LoginPageTest#loginTest</h3><table class="result"><tr><th>Exception</th></tr><tr><td><div class="stacktrace">org.testng.TestNGException: 
Parameter &apos;browser&apos; is required by BeforeTest on method setup but has not been marked @Optional or defined
in C:\Users\66279\eclipse-workspace\MyStoreProject\testng_all.xml
... Removed 21 stack frames</div></td></tr></table><p class="totop"><a href="#summary">back to summary</a></p>
<h3 id="m29">com.testcase.OrderPageTest#verifyTotalPrice</h3><table class="result"><tr><th>Exception</th></tr><tr><td><div class="stacktrace">org.testng.TestNGException: 
Parameter &apos;browser&apos; is required by BeforeTest on method setup but has not been marked @Optional or defined
in C:\Users\66279\eclipse-workspace\MyStoreProject\testng_all.xml
... Removed 21 stack frames</div></td></tr></table><p class="totop"><a href="#summary">back to summary</a></p>
<h3 id="m30">com.testcase.SearchResultPageTest#productAvailabilityTest</h3><table class="result"><tr><th>Exception</th></tr><tr><td><div class="stacktrace">org.testng.TestNGException: 
Parameter &apos;browser&apos; is required by BeforeTest on method setup but has not been marked @Optional or defined
in C:\Users\66279\eclipse-workspace\MyStoreProject\testng_all.xml
... Removed 21 stack frames</div></td></tr></table><p class="totop"><a href="#summary">back to summary</a></p>
</body>
</html>
